<?xml version="1.0" encoding="UTF-8"?>
<!-- Generated by org.testng.reporters.JUnitReportReporter -->
<testsuite hostname="LAPTOP-SQ2QAOS3" failures="0" tests="2" name="api.test.ContactBookAPITests" time="3.547" errors="0" timestamp="2024-03-03T21:35:28 IST" skipped="0">
  <testcase classname="api.test.ContactBookAPITests" name="createUser" time="1.731"/>
  <system-out/>
  <testcase classname="api.test.ContactBookAPITests" name="getUserDetails" time="1.816"/>
  <system-out/>
</testsuite> <!-- api.test.ContactBookAPITests -->
