<?xml version="1.0" encoding="UTF-8"?>
<!-- Generated by org.testng.reporters.JUnitReportReporter -->
<testsuite hostname="LAPTOP-SQ2QAOS3" failures="0" tests="2" name="api.endpoints.UserEndpoints" time="7.902" errors="0" timestamp="2024-03-03T13:16:24 IST" skipped="0">
  <testcase classname="api.endpoints.UserEndpoints" name="loginUser" time="6.108"/>
  <system-out/>
  <testcase classname="api.endpoints.UserEndpoints" name="addUser" time="1.794"/>
  <system-out/>
</testsuite> <!-- api.endpoints.UserEndpoints -->
