<?xml version="1.0" encoding="UTF-8"?>
<!-- Generated by org.testng.reporters.JUnitReportReporter -->
<testsuite hostname="LAPTOP-SQ2QAOS3" failures="0" tests="2" name="api.test.TestClass" time="7.339" errors="0" timestamp="2024-03-03T13:12:57 IST" skipped="0">
  <testcase classname="api.test.TestClass" name="authenticate" time="5.683"/>
  <system-out/>
  <testcase classname="api.test.TestClass" name="Testclass" time="1.656"/>
  <system-out/>
</testsuite> <!-- api.test.TestClass -->
